#
# A fatal error has been detected by the Java Runtime Environment:
#
#  EXCEPTION_ACCESS_VIOLATION (0xc0000005) at pc=0x0000000068a490b4, pid=15692, tid=2468
#
# JRE version: Java(TM) SE Runtime Environment (8.0_60-b27) (build 1.8.0_60-b27)
# Java VM: Java HotSpot(TM) 64-Bit Server VM (25.60-b23 mixed mode windows-amd64 compressed oops)
# Problematic frame:
# C  [libtesseract-3.dll+0x490b4]
#
# Failed to write core dump. Minidumps are not enabled by default on client versions of Windows
#
# If you would like to submit a bug report, please visit:
#   http://bugreport.java.com/bugreport/crash.jsp
# The crash happened outside the Java Virtual Machine in native code.
# See problematic frame for where to report the bug.
#

---------------  T H R E A D  ---------------

Current thread (0x000000000292a000):  JavaThread "main" [_thread_in_native, id=2468, stack(0x0000000002d00000,0x0000000002e00000)]

siginfo: ExceptionCode=0xc0000005, reading address 0x0000000000000000

Registers:
RAX=0x0000000000000001, RBX=0x0000000000000000, RCX=0x0000000000000000, RDX=0xffffffffffffffff
RSP=0x0000000002dfeaa0, RBP=0x0000000000000002, RSI=0x0000000000000010, RDI=0x0000000001bad0b8
R8 =0x0000000000000000, R9 =0x0000000000000000, R10=0xffffffffffffffff, R11=0x0000000001c29688
R12=0x0000000000000000, R13=0x0000000001c29660, R14=0x0000000001bad108, R15=0x0000000002dfeb30
RIP=0x0000000068a490b4, EFLAGS=0x0000000000010202

Top of Stack: (sp=0x0000000002dfeaa0)
0x0000000002dfeaa0:   0000000001c2c7a0 0000000001c2c7c0
0x0000000002dfeab0:   0000000001c2c7e0 0000000001c2c800
0x0000000002dfeac0:   0000000001c2c820 0000000001c2c840
0x0000000002dfead0:   0000000001c2c890 0100000001c2c8b8
0x0000000002dfeae0:   0000000002dfeb00 0000000002dfeb30
0x0000000002dfeaf0:   0000000001c29678 0000000001c29688
0x0000000002dfeb00:   0000000001c2fed0 0000000002dfebe0
0x0000000002dfeb10:   000000000000000c 0000000002dfebd0
0x0000000002dfeb20:   0000000001bafac8 0000000000000004
0x0000000002dfeb30:   0000000021ff1940 0000000000000003
0x0000000002dfeb40:   0000000002dfebe0 0000000002dfebd0
0x0000000002dfeb50:   0000000002dfecc0 0000000002dfebc0
0x0000000002dfeb60:   0000000021ff2628 000007feff0510c8
0x0000000002dfeb70:   0000000000000018 0000000002dfebf0
0x0000000002dfeb80:   0000000002dfecc0 0000000002dfebd0
0x0000000002dfeb90:   0000000021ff2628 0000000001c29660 

Instructions: (pc=0x0000000068a490b4)
0x0000000068a49094:   fe 01 45 19 e4 41 f7 d4 41 83 e4 02 85 ed 7e 27
0x0000000068a490a4:   48 8b 9c 24 68 01 00 00 8d 45 ff 48 8d 74 c3 08
0x0000000068a490b4:   48 8b 13 45 89 e0 4c 89 e9 e8 0e fd ff ff 48 83
0x0000000068a490c4:   c3 08 48 39 f3 75 e9 48 85 ff 74 5f 4d 85 f6 74 


Register to memory mapping:

RAX=0x0000000000000001 is an unknown value
RBX=0x0000000000000000 is an unknown value
RCX=0x0000000000000000 is an unknown value
RDX=0xffffffffffffffff is an unknown value
RSP=0x0000000002dfeaa0 is pointing into the stack for thread: 0x000000000292a000
RBP=0x0000000000000002 is an unknown value
RSI=0x0000000000000010 is an unknown value
RDI=0x0000000001bad0b8 is an unknown value
R8 =0x0000000000000000 is an unknown value
R9 =0x0000000000000000 is an unknown value
R10=0xffffffffffffffff is an unknown value
R11=0x0000000001c29688 is an unknown value
R12=0x0000000000000000 is an unknown value
R13=0x0000000001c29660 is an unknown value
R14=0x0000000001bad108 is an unknown value
R15=0x0000000002dfeb30 is pointing into the stack for thread: 0x000000000292a000


Stack: [0x0000000002d00000,0x0000000002e00000],  sp=0x0000000002dfeaa0,  free space=1018k
Native frames: (J=compiled Java code, j=interpreted, Vv=VM code, C=native code)
C  [libtesseract-3.dll+0x490b4]
C  [libtesseract-3.dll+0x49a0b]
C  [libtesseract-3.dll+0x4a469]
C  [libtesseract-3.dll+0x2388]
C  [jnitesseract.dll+0xa0d3]
C  0x00000000030e5e34

Java frames: (J=compiled Java code, j=interpreted, Vv=VM code)
j  org.bytedeco.javacpp.tesseract$TessBaseAPI.Init(Ljava/lang/String;Ljava/lang/String;I[BILorg/bytedeco/javacpp/tesseract$StringGenericVector;Lorg/bytedeco/javacpp/tesseract$StringGenericVector;Z)I+0
j  hh.hh.TesseractHelper.getTextFromPicture(Lorg/bytedeco/javacpp/lept$PIX;Ljava/lang/String;Lhh/hh/TesseractHelper$OcrMode;)Ljava/lang/String;+105
j  hh.hh.ScreenGrabber.doit(Ljava/util/List;Ljava/lang/String;Ljava/lang/String;Ljava/lang/String;Ljava/lang/String;IIILhh/hh/TesseractHelper$OcrMode;)V+279
j  hh.hh.ScreenGrabber.doitfirst(Ljava/util/List;Ljava/lang/String;Ljava/lang/String;Ljava/lang/String;Ljava/lang/String;Lhh/hh/TesseractHelper$OcrMode;)V+13
j  hh.hh.ScreenGrabber.main([Ljava/lang/String;)V+150
v  ~StubRoutines::call_stub

---------------  P R O C E S S  ---------------

Java Threads: ( => current thread )
  0x0000000020023800 JavaThread "Java2D Disposer" daemon [_thread_blocked, id=17404, stack(0x00000000207a0000,0x00000000208a0000)]
  0x000000001df2e800 JavaThread "Service Thread" daemon [_thread_blocked, id=15036, stack(0x000000001f960000,0x000000001fa60000)]
  0x000000001deaf000 JavaThread "C1 CompilerThread3" daemon [_thread_blocked, id=13336, stack(0x000000001faa0000,0x000000001fba0000)]
  0x000000001dea5800 JavaThread "C2 CompilerThread2" daemon [_thread_blocked, id=11556, stack(0x000000001f840000,0x000000001f940000)]
  0x000000001dea0800 JavaThread "C2 CompilerThread1" daemon [_thread_blocked, id=2232, stack(0x000000001f720000,0x000000001f820000)]
  0x000000001de96000 JavaThread "C2 CompilerThread0" daemon [_thread_blocked, id=14348, stack(0x000000001f360000,0x000000001f460000)]
  0x000000001de91000 JavaThread "Attach Listener" daemon [_thread_blocked, id=8372, stack(0x000000001f4a0000,0x000000001f5a0000)]
  0x000000001de90000 JavaThread "Signal Dispatcher" daemon [_thread_blocked, id=17164, stack(0x000000001f110000,0x000000001f210000)]
  0x000000001cdde000 JavaThread "Finalizer" daemon [_thread_blocked, id=7420, stack(0x000000001f230000,0x000000001f330000)]
  0x000000001cdd7000 JavaThread "Reference Handler" daemon [_thread_blocked, id=2448, stack(0x000000001efa0000,0x000000001f0a0000)]
=>0x000000000292a000 JavaThread "main" [_thread_in_native, id=2468, stack(0x0000000002d00000,0x0000000002e00000)]

Other Threads:
  0x000000001cdd0800 VMThread [stack: 0x000000001ee10000,0x000000001ef10000] [id=15352]
  0x000000001df53000 WatcherThread [stack: 0x000000001fba0000,0x000000001fca0000] [id=17192]

VM state:not at safepoint (normal execution)

VM Mutex/Monitor currently owned by a thread: None

Heap:
 PSYoungGen      total 76288K, used 40832K [0x000000076b400000, 0x0000000770900000, 0x00000007c0000000)
  eden space 65536K, 62% used [0x000000076b400000,0x000000076dbe02f0,0x000000076f400000)
  from space 10752K, 0% used [0x000000076fe80000,0x000000076fe80000,0x0000000770900000)
  to   space 10752K, 0% used [0x000000076f400000,0x000000076f400000,0x000000076fe80000)
 ParOldGen       total 175104K, used 0K [0x00000006c1c00000, 0x00000006cc700000, 0x000000076b400000)
  object space 175104K, 0% used [0x00000006c1c00000,0x00000006c1c00000,0x00000006cc700000)
 Metaspace       used 9573K, capacity 9698K, committed 9728K, reserved 1058816K
  class space    used 959K, capacity 1017K, committed 1024K, reserved 1048576K

Card table byte_map: [0x0000000012490000,0x0000000012c90000] byte_map_base: 0x000000000ee82000

Marking Bits: (ParMarkBitMap*) 0x000000007046a5b0
 Begin Bits: [0x0000000013cd0000, 0x0000000017c60000)
 End Bits:   [0x0000000017c60000, 0x000000001bbf0000)

Polling page: 0x0000000000240000

CodeCache: size=245760Kb used=2749Kb max_used=2759Kb free=243010Kb
 bounds [0x00000000030d0000, 0x0000000003390000, 0x00000000120d0000]
 total_blobs=1266 nmethods=611 adapters=568
 compilation: enabled

Compilation events (10 events):
Event: 1.039 Thread 0x000000001deaf000  607       3       java.lang.ClassLoader$3::run (18 bytes)
Event: 1.040 Thread 0x000000001deaf000 nmethod 607 0x000000000337f7d0 code [0x000000000337f940, 0x000000000337fb48]
Event: 1.040 Thread 0x000000001deaf000  608       3       java.util.Hashtable$Enumerator::nextElement (111 bytes)
Event: 1.040 Thread 0x000000001dea5800  609       4       java.lang.String::startsWith (7 bytes)
Event: 1.040 Thread 0x000000001deaf000 nmethod 608 0x000000000337fc10 code [0x000000000337fda0, 0x00000000033801e8]
Event: 1.041 Thread 0x000000001deaf000  610       3       sun.misc.URLClassPath$FileLoader::findResource (18 bytes)
Event: 1.041 Thread 0x000000001deaf000 nmethod 610 0x00000000033803d0 code [0x0000000003380540, 0x00000000033807d8]
Event: 1.042 Thread 0x000000001dea5800 nmethod 609 0x0000000003383650 code [0x00000000033837a0, 0x0000000003383918]
Event: 1.049 Thread 0x000000001deaf000  611       1       java.io.File::getPrefixLength (5 bytes)
Event: 1.049 Thread 0x000000001deaf000 nmethod 611 0x0000000003383390 code [0x00000000033834e0, 0x00000000033835f0]

GC Heap History (0 events):
No events

Deoptimization events (1 events):
Event: 0.178 Thread 0x000000000292a000 Uncommon trap: reason=null_check action=make_not_entrant pc=0x000000000324249c method=java.lang.String.equals(Ljava/lang/Object;)Z @ 8

Internal exceptions (10 events):
Event: 0.229 Thread 0x000000000292a000 Exception <a 'java/security/PrivilegedActionException'> (0x000000076b97ee28) thrown at [C:\re\workspace\8-2-build-windows-amd64-cygwin\jdk8u60\4407\hotspot\src\share\vm\prims\jvm.cpp, line 1386]
Event: 0.229 Thread 0x000000000292a000 Exception <a 'java/security/PrivilegedActionException'> (0x000000076b9804d0) thrown at [C:\re\workspace\8-2-build-windows-amd64-cygwin\jdk8u60\4407\hotspot\src\share\vm\prims\jvm.cpp, line 1386]
Event: 0.229 Thread 0x000000000292a000 Exception <a 'java/security/PrivilegedActionException'> (0x000000076b9808c8) thrown at [C:\re\workspace\8-2-build-windows-amd64-cygwin\jdk8u60\4407\hotspot\src\share\vm\prims\jvm.cpp, line 1386]
Event: 0.229 Thread 0x000000000292a000 Exception <a 'java/security/PrivilegedActionException'> (0x000000076b981f38) thrown at [C:\re\workspace\8-2-build-windows-amd64-cygwin\jdk8u60\4407\hotspot\src\share\vm\prims\jvm.cpp, line 1386]
Event: 0.229 Thread 0x000000000292a000 Exception <a 'java/security/PrivilegedActionException'> (0x000000076b982330) thrown at [C:\re\workspace\8-2-build-windows-amd64-cygwin\jdk8u60\4407\hotspot\src\share\vm\prims\jvm.cpp, line 1386]
Event: 0.229 Thread 0x000000000292a000 Exception <a 'java/security/PrivilegedActionException'> (0x000000076b983a10) thrown at [C:\re\workspace\8-2-build-windows-amd64-cygwin\jdk8u60\4407\hotspot\src\share\vm\prims\jvm.cpp, line 1386]
Event: 0.229 Thread 0x000000000292a000 Exception <a 'java/security/PrivilegedActionException'> (0x000000076b983e08) thrown at [C:\re\workspace\8-2-build-windows-amd64-cygwin\jdk8u60\4407\hotspot\src\share\vm\prims\jvm.cpp, line 1386]
Event: 0.230 Thread 0x000000000292a000 Exception <a 'java/security/PrivilegedActionException'> (0x000000076b985348) thrown at [C:\re\workspace\8-2-build-windows-amd64-cygwin\jdk8u60\4407\hotspot\src\share\vm\prims\jvm.cpp, line 1386]
Event: 0.230 Thread 0x000000000292a000 Exception <a 'java/security/PrivilegedActionException'> (0x000000076b985740) thrown at [C:\re\workspace\8-2-build-windows-amd64-cygwin\jdk8u60\4407\hotspot\src\share\vm\prims\jvm.cpp, line 1386]
Event: 0.503 Thread 0x000000000292a000 Exception <a 'java/io/FileNotFoundException'> (0x000000076cf66c98) thrown at [C:\re\workspace\8-2-build-windows-amd64-cygwin\jdk8u60\4407\hotspot\src\share\vm\prims\jni.cpp, line 709]

Events (10 events):
Event: 1.027 loading class org/bytedeco/javacpp/tesseract$OSResults
Event: 1.027 loading class org/bytedeco/javacpp/tesseract$OSResults done
Event: 1.027 loading class org/bytedeco/javacpp/tesseract$ETEXT_DESC
Event: 1.027 loading class org/bytedeco/javacpp/tesseract$ETEXT_DESC done
Event: 1.028 loading class org/bytedeco/javacpp/tesseract$MATRIX
Event: 1.028 loading class org/bytedeco/javacpp/tesseract$MATRIX done
Event: 1.028 loading class org/bytedeco/javacpp/tesseract$DENORM
Event: 1.028 loading class org/bytedeco/javacpp/tesseract$DENORM done
Event: 1.028 loading class org/bytedeco/javacpp/tesseract$ParagraphModel
Event: 1.028 loading class org/bytedeco/javacpp/tesseract$ParagraphModel done


Dynamic libraries:
0x000000013f9f0000 - 0x000000013fa27000 	E:\hh\dev\jdk1.8.0_60\bin\javaw.exe
0x0000000077880000 - 0x0000000077a2a000 	C:\Windows\SYSTEM32\ntdll.dll
0x0000000077660000 - 0x000000007777f000 	C:\Windows\system32\kernel32.dll
0x000007fefd810000 - 0x000007fefd87a000 	C:\Windows\system32\KERNELBASE.dll
0x000007fefd330000 - 0x000007fefd3b4000 	C:\Windows\system32\tmumh\20019\AddOn\6.80.0.1007\TmUmEvt64.dll
0x0000000077a50000 - 0x0000000077a57000 	C:\Windows\system32\PSAPI.DLL
0x000007feff820000 - 0x000007feff891000 	C:\Windows\system32\SHLWAPI.dll
0x000007feff3c0000 - 0x000007feff427000 	C:\Windows\system32\GDI32.dll
0x0000000077780000 - 0x000000007787a000 	C:\Windows\system32\USER32.dll
0x000007feffb80000 - 0x000007feffb8e000 	C:\Windows\system32\LPK.dll
0x000007fefe110000 - 0x000007fefe1da000 	C:\Windows\system32\USP10.dll
0x000007feff050000 - 0x000007feff0ef000 	C:\Windows\system32\msvcrt.dll
0x000007fefdbb0000 - 0x000007fefdc8b000 	C:\Windows\system32\ADVAPI32.dll
0x000007fefddb0000 - 0x000007fefddcf000 	C:\Windows\SYSTEM32\sechost.dll
0x000007feffa50000 - 0x000007feffb7d000 	C:\Windows\system32\RPCRT4.dll
0x0000000075240000 - 0x000000007535e000 	C:\Windows\system32\tmumh\20019\TmMon\1.6.0.1163\tmmon64.dll
0x000007fefd980000 - 0x000007fefd9ae000 	C:\Windows\system32\IMM32.DLL
0x000007feff8a0000 - 0x000007feff9a9000 	C:\Windows\system32\MSCTF.dll
0x000007fefd4f0000 - 0x000007fefd52c000 	C:\Windows\system32\nvinitx.dll
0x000007fefb880000 - 0x000007fefba74000 	C:\Windows\WinSxS\amd64_microsoft.windows.common-controls_6595b64144ccf1df_6.0.7601.18837_none_fa3b1e3d17594757\COMCTL32.dll
0x0000000078c80000 - 0x0000000078d52000 	E:\hh\dev\jdk1.8.0_60\jre\bin\msvcr100.dll
0x000000006fc60000 - 0x00000000704e9000 	E:\hh\dev\jdk1.8.0_60\jre\bin\server\jvm.dll
0x000007fefb680000 - 0x000007fefb689000 	C:\Windows\system32\WSOCK32.dll
0x000007fefd9b0000 - 0x000007fefd9fd000 	C:\Windows\system32\WS2_32.dll
0x000007fefde30000 - 0x000007fefde38000 	C:\Windows\system32\NSI.dll
0x000007fefbf30000 - 0x000007fefbf6b000 	C:\Windows\system32\WINMM.dll
0x000007fefc580000 - 0x000007fefc58c000 	C:\Windows\system32\VERSION.dll
0x0000000070c30000 - 0x0000000070c3f000 	E:\hh\dev\jdk1.8.0_60\jre\bin\verify.dll
0x000000006d760000 - 0x000000006d789000 	E:\hh\dev\jdk1.8.0_60\jre\bin\java.dll
0x0000000070ac0000 - 0x0000000070ad6000 	E:\hh\dev\jdk1.8.0_60\jre\bin\zip.dll
0x000007fefe2c0000 - 0x000007feff04c000 	C:\Windows\system32\SHELL32.dll
0x000007feff610000 - 0x000007feff813000 	C:\Windows\system32\ole32.dll
0x000007fefd5d0000 - 0x000007fefd5df000 	C:\Windows\system32\profapi.dll
0x000000006cbf0000 - 0x000000006cd88000 	E:\hh\dev\jdk1.8.0_60\jre\bin\awt.dll
0x000007fefe1e0000 - 0x000007fefe2b8000 	C:\Windows\system32\OLEAUT32.dll
0x000007fefcd30000 - 0x000007fefcd48000 	C:\Windows\system32\CRYPTSP.dll
0x000007fefca30000 - 0x000007fefca77000 	C:\Windows\system32\rsaenh.dll
0x000007fefd950000 - 0x000007fefd96e000 	C:\Windows\system32\USERENV.dll
0x000007fefd420000 - 0x000007fefd42f000 	C:\Windows\system32\CRYPTBASE.dll
0x000000006fac0000 - 0x000000006fada000 	E:\hh\dev\jdk1.8.0_60\jre\bin\net.dll
0x000007fefccd0000 - 0x000007fefcd25000 	C:\Windows\system32\mswsock.dll
0x000007fefccc0000 - 0x000007fefccc7000 	C:\Windows\System32\wship6.dll
0x000007fefb650000 - 0x000007fefb677000 	C:\Windows\system32\IPHLPAPI.DLL
0x000007fefb640000 - 0x000007fefb64b000 	C:\Windows\system32\WINNSI.DLL
0x000007fef9fa0000 - 0x000007fef9fb1000 	C:\Windows\system32\dhcpcsvc6.DLL
0x000007fefa3c0000 - 0x000007fefa3d8000 	C:\Windows\system32\dhcpcsvc.DLL
0x0000000001d30000 - 0x0000000001d41000 	E:\hh\dev\jdk1.8.0_60\jre\bin\nio.dll
0x000000006f250000 - 0x000000006f281000 	E:\hh\dev\jdk1.8.0_60\jre\bin\jpeg.dll
0x000007fefab90000 - 0x000007fefaba8000 	C:\Windows\system32\DWMAPI.DLL
0x0000000002610000 - 0x00000000026b2000 	E:\hh\dev\jdk1.8.0_60\jre\bin\mlib_image.dll
0x0000000064940000 - 0x0000000064955000 	C:\Users\msieber1\AppData\Local\Temp\javacpp108935384361624\libwinpthread-1.dll
0x0000000061440000 - 0x000000006145c000 	C:\Users\msieber1\AppData\Local\Temp\javacpp108935384361624\libgcc_s_seh-1.dll
0x0000000020610000 - 0x0000000020772000 	C:\Users\msieber1\AppData\Local\Temp\javacpp108935384361624\libstdc++-6.dll
0x0000000021870000 - 0x0000000021c3a000 	C:\Users\msieber1\AppData\Local\Temp\javacpp108935384361624\liblept-5.dll
0x000000006bf40000 - 0x000000006c238000 	C:\Users\msieber1\AppData\Local\Temp\javacpp108935384361624\jnilept.dll
0x0000000068a00000 - 0x0000000068f54000 	C:\Users\msieber1\AppData\Local\Temp\javacpp108935384361624\libtesseract-3.dll
0x0000000065440000 - 0x00000000654cd000 	C:\Users\msieber1\AppData\Local\Temp\javacpp108935384361624\jnitesseract.dll
0x000007fefb690000 - 0x000007fefb7b5000 	C:\Windows\system32\dbghelp.dll

VM Arguments:
jvm_args: -Dfile.encoding=UTF-8 
java_command: hh.hh.ScreenGrabber
java_class_path (initial): E:\hh\git\sandbox\target\classes;C:\Users\msieber1\.m2\repository\org\javaopencvbook\opencvjar\3.0.0\opencvjar-3.0.0.jar;E:\hh\git\sandbox\repo\org\javaopencvbook\opencvjar-runtime\3.0.0\opencvjar-runtime-3.0.0-natives-windows-x86_64.jar;C:\Users\msieber1\.m2\repository\org\springframework\boot\spring-boot-starter-web\1.4.0.RELEASE\spring-boot-starter-web-1.4.0.RELEASE.jar;C:\Users\msieber1\.m2\repository\org\springframework\boot\spring-boot-starter\1.4.0.RELEASE\spring-boot-starter-1.4.0.RELEASE.jar;C:\Users\msieber1\.m2\repository\org\springframework\boot\spring-boot\1.4.0.RELEASE\spring-boot-1.4.0.RELEASE.jar;C:\Users\msieber1\.m2\repository\org\springframework\boot\spring-boot-autoconfigure\1.4.0.RELEASE\spring-boot-autoconfigure-1.4.0.RELEASE.jar;C:\Users\msieber1\.m2\repository\org\springframework\boot\spring-boot-starter-logging\1.4.0.RELEASE\spring-boot-starter-logging-1.4.0.RELEASE.jar;C:\Users\msieber1\.m2\repository\ch\qos\logback\logback-classic\1.1.7\logback-classic-1.1.7.jar;C:\Users\msieber1\.m2\repository\ch\qos\logback\logback-core\1.1.7\logback-core-1.1.7.jar;C:\Users\msieber1\.m2\repository\org\slf4j\slf4j-api\1.7.20\slf4j-api-1.7.20.jar;C:\Users\msieber1\.m2\repository\org\slf4j\jcl-over-slf4j\1.7.21\jcl-over-slf4j-1.7.21.jar;C:\Users\msieber1\.m2\repository\org\slf4j\jul-to-slf4j\1.7.21\jul-to-slf4j-1.7.21.jar;C:\Users\msieber1\.m2\repository\org\slf4j\log4j-over-slf4j\1.7.21\log4j-over-slf4j-1.7.21.jar;C:\Users\msieber1\.m2\repository\org\yaml\snakeyaml\1.17\snakeyaml-1.17.jar;C:\Users\msieber1\.m2\repository\org\springframework\boot\spring-boot-starter-tomcat\1.4.0.RELEASE\spring-boot-starter-tomcat-1.4.0.RELEASE.jar;C:\Users\msieber1\.m2\repository\org\apache\tomcat\embed\tomcat-embed-core\8.5.4\tomcat-embed-core-8.5.4.jar;C:\Users\msieber1\.m2\repository\org\apache\tomcat\embed\tomcat-embed-el\8.5.4\tomcat-embed-el-8.5.4.jar;C:\Users\msieber1\.m2\repository\org\apache\tomcat\embed\tomcat-embed-websocket\8.5.4\tom
Launcher Type: SUN_STANDARD

Environment Variables:
JAVA_HOME=e:\vhp\dev\jdk1.8.0_60\
PATH=C:/Program Files/Java/jre1.8.0_77/bin/server;C:/Program Files/Java/jre1.8.0_77/bin;C:/Program Files/Java/jre1.8.0_77/lib/amd64;C:\ProgramData\Oracle\Java\javapath;C:\Windows\system32;C:\Windows;C:\Windows\System32\Wbem;C:\Windows\System32\WindowsPowerShell\v1.0\;C:\Windows\system32\Empirum;C:\Program Files\T-Systems\Global Remote;C:\Windows\SysWOW64\Empirum;c:\Program Files (x86)\Microsoft SQL Server\110\Tools\Binn\;c:\Program Files\Microsoft SQL Server\110\Tools\Binn\;c:\Program Files\Microsoft SQL Server\110\DTS\Binn\;c:\Program Files (x86)\Microsoft SQL Server\110\Tools\Binn\ManagementStudio\;c:\Program Files (x86)\Microsoft SQL Server\110\DTS\Binn\;C:\Program Files\TortoiseSVN\bin;e:\vhp\maven\bin\;C:\Program Files (x86)\Sennheiser\SoftphoneSDK\;E:\vhp\dev\Tesseract-OCR;e:\hh\dev\eclipse;
USERNAME=msieber1
OS=Windows_NT
PROCESSOR_IDENTIFIER=Intel64 Family 6 Model 42 Stepping 7, GenuineIntel



---------------  S Y S T E M  ---------------

OS: Windows 7 , 64 bit Build 7601 (6.1.7601.23418)

CPU:total 8 (4 cores per cpu, 2 threads per core) family 6 model 42 stepping 7, cmov, cx8, fxsr, mmx, sse, sse2, sse3, ssse3, sse4.1, sse4.2, popcnt, avx, aes, clmul, ht, tsc, tscinvbit

Memory: 4k page, physical 16655372k(820208k free), swap 20513916k(1812196k free)

vm_info: Java HotSpot(TM) 64-Bit Server VM (25.60-b23) for windows-amd64 JRE (1.8.0_60-b27), built on Aug  4 2015 11:06:27 by "java_re" with MS VC++ 10.0 (VS2010)

time: Thu Sep 01 14:07:51 2016
elapsed time: 1 seconds (0d 0h 0m 1s)

